[2017-12-03T16:05:15.381] [DEBUG] default - Some debug messages
[2017-12-03T16:09:58.929] [DEBUG] default - Some debug messages
[2017-12-03T16:09:59.061] [DEBUG] default - port 3300
[2017-12-03T16:10:04.015] [DEBUG] default - routes detail
[2017-12-03T16:21:23.135] [DEBUG] default - Some debug messages
[2017-12-03T16:21:23.274] [DEBUG] default - port 3300
[2017-12-03T16:21:26.184] [DEBUG] default - routes detail
[2017-12-03T16:21:32.144] [DEBUG] default - routes comment
[2017-12-03T16:21:32.145] [DEBUG] default - 可以收纳评论了
[2017-12-03T16:21:33.197] [DEBUG] default - routes detail
[2017-12-03T16:21:34.932] [DEBUG] default - routes nice
[2017-12-03T16:21:35.711] [DEBUG] default - routes nice
[2017-12-03T16:21:39.653] [DEBUG] default - routes receive
[2017-12-03T16:21:41.289] [DEBUG] default - routes detail
[2017-12-03T16:22:36.352] [DEBUG] default - Some debug messages
[2017-12-03T16:22:36.485] [DEBUG] default - port 3300
[2017-12-03T16:22:48.183] [DEBUG] default - routes comment
[2017-12-03T16:22:48.184] [DEBUG] default - 可以收纳评论了
[2017-12-03T16:22:48.189] [DEBUG] default - COMMENT
[2017-12-03T16:22:50.558] [DEBUG] default - routes detail
[2017-12-03T16:22:50.566] [DEBUG] default - COMMENT
[2017-12-03T16:22:59.124] [DEBUG] default - routes comment
[2017-12-03T16:22:59.125] [DEBUG] default - 可以收纳评论了
[2017-12-03T16:22:59.125] [DEBUG] default - COMMENT
[2017-12-03T16:23:01.200] [DEBUG] default - routes detail
[2017-12-03T16:23:01.207] [DEBUG] default - COMMENT
[2017-12-03T16:23:12.213] [DEBUG] default - routes info
[2017-12-03T16:23:28.152] [DEBUG] default - routes updateImg
[2017-12-03T16:23:28.168] [DEBUG] default - 解析完毕
[2017-12-03T16:23:28.222] [DEBUG] default - routes info
[2017-12-03T16:23:31.566] [DEBUG] default - routes detail
[2017-12-03T16:23:31.570] [DEBUG] default - COMMENT
[2017-12-03T16:32:36.848] [DEBUG] default - Some debug messages
[2017-12-03T16:32:36.977] [DEBUG] default - port 3300
[2017-12-03T16:32:43.024] [DEBUG] default - loginout
[2017-12-03T16:32:43.047] [DEBUG] default - DO
[2017-12-03T16:32:43.652] [DEBUG] default - do --connection.end
[2017-12-03T16:32:47.269] [DEBUG] default - loginout
[2017-12-03T16:32:47.275] [DEBUG] default - DO
[2017-12-03T16:32:47.456] [DEBUG] default - do --connection.end
[2017-12-03T16:33:12.524] [DEBUG] default - routes signup
[2017-12-03T16:33:12.525] [DEBUG] default - SIGN
[2017-12-03T16:33:12.528] [DEBUG] default - connection success
[2017-12-03T16:33:12.585] [DEBUG] default - connection.end
[2017-12-03T16:33:23.039] [DEBUG] default - routes signin
[2017-12-03T16:33:23.040] [DEBUG] default - SIGN
[2017-12-03T16:33:23.042] [DEBUG] default - connection success
[2017-12-03T16:33:23.045] [DEBUG] default - connection.end
[2017-12-03T16:33:23.073] [DEBUG] default - DO
[2017-12-03T16:33:23.324] [DEBUG] default - do --connection.end
[2017-12-03T16:33:35.654] [DEBUG] default - routes signin
[2017-12-03T16:33:35.656] [DEBUG] default - SIGN
[2017-12-03T16:33:35.658] [DEBUG] default - connection success
[2017-12-03T16:33:35.660] [DEBUG] default - connection.end
[2017-12-03T16:33:35.674] [DEBUG] default - DO
[2017-12-03T16:33:35.867] [DEBUG] default - do --connection.end
[2017-12-03T16:34:13.493] [DEBUG] default - routes detail
[2017-12-03T16:34:13.494] [DEBUG] default - DO
[2017-12-03T16:34:13.498] [DEBUG] default - COMMENT
[2017-12-03T16:34:13.499] [DEBUG] default - do --connection.end
[2017-12-03T16:34:13.500] [DEBUG] default - connection success
[2017-12-03T16:34:13.736] [DEBUG] default - connection.end
[2017-12-03T16:34:13.773] [DEBUG] default - routes detail
[2017-12-03T16:34:13.773] [DEBUG] default - DO
[2017-12-03T16:34:13.778] [DEBUG] default - COMMENT
[2017-12-03T16:34:13.779] [DEBUG] default - do --connection.end
[2017-12-03T16:34:13.781] [DEBUG] default - connection success
[2017-12-03T16:34:13.953] [DEBUG] default - connection.end
[2017-12-03T16:34:27.116] [DEBUG] default - routes comment
[2017-12-03T16:34:27.117] [DEBUG] default - 可以收纳评论了
[2017-12-03T16:34:27.123] [DEBUG] default - COMMENT
[2017-12-03T16:34:27.127] [DEBUG] default - connection success
[2017-12-03T16:34:27.165] [DEBUG] default - connection.end
[2017-12-03T16:34:28.657] [DEBUG] default - routes detail
[2017-12-03T16:34:28.657] [DEBUG] default - DO
[2017-12-03T16:34:28.660] [DEBUG] default - COMMENT
[2017-12-03T16:34:28.661] [DEBUG] default - do --connection.end
[2017-12-03T16:34:28.662] [DEBUG] default - connection success
[2017-12-03T16:34:28.811] [DEBUG] default - connection.end
[2017-12-03T16:34:29.990] [DEBUG] default - routes detail
[2017-12-03T16:34:29.990] [DEBUG] default - DO
[2017-12-03T16:34:29.997] [DEBUG] default - COMMENT
[2017-12-03T16:34:29.998] [DEBUG] default - do --connection.end
[2017-12-03T16:34:29.999] [DEBUG] default - connection success
[2017-12-03T16:34:30.153] [DEBUG] default - connection.end
[2017-12-03T16:34:31.461] [DEBUG] default - routes info
[2017-12-03T16:34:31.461] [DEBUG] default - SIGN
[2017-12-03T16:34:31.463] [DEBUG] default - connection success
[2017-12-03T16:34:31.596] [DEBUG] default - connection.end
[2017-12-03T16:34:46.003] [DEBUG] default - routes updateImg
[2017-12-03T16:34:46.006] [DEBUG] default - 创建成功
[2017-12-03T16:34:46.014] [DEBUG] default - 解析完毕
[2017-12-03T16:34:46.014] [DEBUG] default - SIGN
[2017-12-03T16:34:46.018] [DEBUG] default - connection success
[2017-12-03T16:34:46.087] [DEBUG] default - connection.end
[2017-12-03T16:34:46.093] [DEBUG] default - routes info
[2017-12-03T16:34:46.093] [DEBUG] default - SIGN
[2017-12-03T16:34:46.095] [DEBUG] default - connection success
[2017-12-03T16:34:46.397] [DEBUG] default - connection.end
[2017-12-03T16:34:54.293] [DEBUG] default - routes updateinfo
[2017-12-03T16:34:54.293] [DEBUG] default - SIGN
[2017-12-03T16:34:54.295] [DEBUG] default - connection success
[2017-12-03T16:34:54.345] [DEBUG] default - connection.end
[2017-12-03T16:34:54.356] [DEBUG] default - routes info
[2017-12-03T16:34:54.357] [DEBUG] default - SIGN
[2017-12-03T16:34:54.359] [DEBUG] default - connection success
[2017-12-03T16:34:54.556] [DEBUG] default - connection.end
[2017-12-03T16:35:11.622] [DEBUG] default - routes updateImg
[2017-12-03T16:35:11.626] [DEBUG] default - 解析完毕
[2017-12-03T16:35:11.626] [DEBUG] default - SIGN
[2017-12-03T16:35:11.628] [DEBUG] default - connection success
[2017-12-03T16:35:11.728] [DEBUG] default - connection.end
[2017-12-03T16:35:11.734] [DEBUG] default - routes info
[2017-12-03T16:35:11.735] [DEBUG] default - SIGN
[2017-12-03T16:35:11.737] [DEBUG] default - connection success
[2017-12-03T16:35:11.883] [DEBUG] default - connection.end
[2017-12-03T16:35:14.883] [DEBUG] default - routes updateinfo
[2017-12-03T16:35:14.883] [DEBUG] default - SIGN
[2017-12-03T16:35:14.888] [DEBUG] default - connection success
[2017-12-03T16:35:14.917] [DEBUG] default - connection.end
[2017-12-03T16:35:14.928] [DEBUG] default - routes info
[2017-12-03T16:35:14.928] [DEBUG] default - SIGN
[2017-12-03T16:35:14.930] [DEBUG] default - connection success
[2017-12-03T16:35:15.034] [DEBUG] default - connection.end
[2017-12-03T16:35:21.211] [DEBUG] default - routes updateinfo
[2017-12-03T16:35:21.212] [DEBUG] default - SIGN
[2017-12-03T16:35:21.215] [DEBUG] default - connection success
[2017-12-03T16:35:21.261] [DEBUG] default - connection.end
[2017-12-03T16:35:21.272] [DEBUG] default - routes info
[2017-12-03T16:35:21.273] [DEBUG] default - SIGN
[2017-12-03T16:35:21.275] [DEBUG] default - connection success
[2017-12-03T16:35:21.387] [DEBUG] default - connection.end
[2017-12-03T16:35:22.264] [DEBUG] default - routes info
[2017-12-03T16:35:22.265] [DEBUG] default - SIGN
[2017-12-03T16:35:22.267] [DEBUG] default - connection success
[2017-12-03T16:35:22.366] [DEBUG] default - connection.end
[2017-12-03T16:35:23.757] [DEBUG] default - routes info
[2017-12-03T16:35:23.758] [DEBUG] default - SIGN
[2017-12-03T16:35:23.761] [DEBUG] default - connection success
[2017-12-03T16:35:23.876] [DEBUG] default - connection.end
[2017-12-03T16:35:25.192] [DEBUG] default - routes add
[2017-12-03T16:35:43.599] [DEBUG] default - routes tempNote
[2017-12-03T16:35:46.005] [DEBUG] default - routes show
[2017-12-03T16:35:46.013] [DEBUG] default - NOTE
[2017-12-03T16:35:46.057] [DEBUG] default - routes look
[2017-12-03T16:35:46.057] [DEBUG] default - NOTE
